<?xml version="1.0" encoding="UTF-8"?>
<testng-results skipped="0" failed="0" total="2" passed="2">
  <reporter-output>
  </reporter-output>
  <suite name="Sample Test Suite" duration-ms="13028" started-at="2018-04-01T08:05:54Z" finished-at="2018-04-01T08:06:07Z">
    <groups>
    </groups>
    <test name="Method Test Cases" duration-ms="13028" started-at="2018-04-01T08:05:54Z" finished-at="2018-04-01T08:06:07Z">
      <class name="testngstuff.ParameterTest">
        <test-method status="PASS" signature="test11(java.lang.String)[pri:0, instance:testngstuff.ParameterTest@1bc6a36e]" name="test11" duration-ms="2" started-at="2018-04-01T13:36:07Z" finished-at="2018-04-01T13:36:07Z">
          <params>
            <param index="0">
              <value>
                <![CDATA[Dhananjaya]]>
              </value>
            </param>
          </params>
          <reporter-output>
          </reporter-output>
        </test-method> <!-- test11 -->
        <test-method status="PASS" signature="test12(java.lang.String, java.lang.String)[pri:0, instance:testngstuff.ParameterTest@1bc6a36e]" name="test12" duration-ms="1" started-at="2018-04-01T13:36:07Z" finished-at="2018-04-01T13:36:07Z">
          <params>
            <param index="0">
              <value>
                <![CDATA[Dhanu123]]>
              </value>
            </param>
            <param index="1">
              <value>
                <![CDATA[Pass123]]>
              </value>
            </param>
          </params>
          <reporter-output>
          </reporter-output>
        </test-method> <!-- test12 -->
      </class> <!-- testngstuff.ParameterTest -->
      <class name="testngstuff.BrowserInitiate">
        <test-method status="PASS" signature="beforeTest(java.lang.String)[pri:0, instance:testngstuff.BrowserInitiate@47d384ee]" name="beforeTest" is-config="true" duration-ms="12933" started-at="2018-04-01T13:35:54Z" finished-at="2018-04-01T13:36:07Z">
          <params>
            <param index="0">
              <value>
                <![CDATA[firefox]]>
              </value>
            </param>
          </params>
          <reporter-output>
          </reporter-output>
        </test-method> <!-- beforeTest -->
        <test-method status="PASS" signature="afterTest()[pri:0, instance:testngstuff.BrowserInitiate@47d384ee]" name="afterTest" is-config="true" duration-ms="56" started-at="2018-04-01T13:36:07Z" finished-at="2018-04-01T13:36:07Z">
          <reporter-output>
          </reporter-output>
        </test-method> <!-- afterTest -->
      </class> <!-- testngstuff.BrowserInitiate -->
    </test> <!-- Method Test Cases -->
  </suite> <!-- Sample Test Suite -->
</testng-results>
